TN:
SF:src\components\Buttons\Button.tsx
FN:7,Button
FNF:1
FNH:1
FNDA:4,Button
DA:8,4
LF:1
LH:1
BRF:0
BRH:0
end_of_record
TN:
SF:src\components\ErrorHandle\Error.tsx
FN:7,ErrorHandling
FNF:1
FNH:1
FNDA:1,ErrorHandling
DA:8,1
LF:1
LH:1
BRF:0
BRH:0
end_of_record
TN:
SF:src\components\Loader\Loader.tsx
FN:2,Loader
FNF:1
FNH:1
FNDA:1,Loader
DA:3,1
LF:1
LH:1
BRF:0
BRH:0
end_of_record
TN:
SF:src\components\Navbar\Navbar.tsx
FN:4,Navbar
FN:11,(anonymous_1)
FNF:2
FNH:1
FNDA:2,Navbar
FNDA:0,(anonymous_1)
DA:6,2
DA:7,2
DA:11,0
LF:3
LH:2
BRF:0
BRH:0
end_of_record
TN:
SF:src\pages\Home\Home.tsx
FN:3,Home
FNF:1
FNH:1
FNDA:2,Home
DA:4,2
LF:1
LH:1
BRF:0
BRH:0
end_of_record
TN:
SF:src\pages\Login\Login.tsx
FN:6,Login
FN:15,(anonymous_1)
FN:48,renderContent
FN:72,(anonymous_3)
FN:74,(anonymous_4)
FNF:5
FNH:5
FNDA:7,Login
FNDA:2,(anonymous_1)
FNDA:7,renderContent
FNDA:1,(anonymous_3)
FNDA:1,(anonymous_4)
DA:8,7
DA:9,7
DA:10,7
DA:11,7
DA:12,7
DA:13,7
DA:15,7
DA:17,2
DA:18,2
DA:20,2
DA:21,2
DA:22,2
DA:23,1
DA:24,1
DA:26,1
DA:27,0
DA:28,0
DA:30,0
DA:34,1
DA:35,1
DA:36,0
DA:37,1
DA:38,1
DA:40,0
DA:44,2
DA:49,7
DA:50,1
DA:53,6
DA:54,1
DA:57,5
DA:58,0
DA:62,7
DA:72,1
DA:74,1
LF:34
LH:28
BRDA:22,0,0,1
BRDA:22,0,1,1
BRDA:22,1,0,2
BRDA:22,1,1,1
BRDA:27,2,0,0
BRDA:27,2,1,0
BRDA:35,3,0,0
BRDA:35,3,1,1
BRDA:37,4,0,1
BRDA:37,4,1,0
BRDA:49,5,0,1
BRDA:49,5,1,6
BRDA:53,6,0,1
BRDA:53,6,1,5
BRDA:57,7,0,0
BRDA:57,7,1,5
BRDA:69,8,0,7
BRDA:69,8,1,6
BRDA:69,8,2,5
BRDA:69,8,3,5
BRF:20
BRH:15
end_of_record
TN:
SF:src\services\loginApi.ts
FN:3,fetchLoginDetails
FNF:1
FNH:1
FNDA:2,fetchLoginDetails
DA:1,1
DA:4,2
DA:15,1
LF:3
LH:3
BRF:0
BRH:0
end_of_record
