TN:
SF:src\assets\cart.png
FNF:0
FNH:0
LF:0
LH:0
BRF:0
BRH:0
end_of_record
TN:
SF:src\assets\home.png
FNF:0
FNH:0
LF:0
LH:0
BRF:0
BRH:0
end_of_record
TN:
SF:src\assets\logo.png
FNF:0
FNH:0
LF:0
LH:0
BRF:0
BRH:0
end_of_record
TN:
SF:src\assets\notAddressFound.png
FNF:0
FNH:0
LF:0
LH:0
BRF:0
BRH:0
end_of_record
TN:
SF:src\assets\orders.png
FNF:0
FNH:0
LF:0
LH:0
BRF:0
BRH:0
end_of_record
TN:
SF:src\assets\person.png
FNF:0
FNH:0
LF:0
LH:0
BRF:0
BRH:0
end_of_record
TN:
SF:src\assets\sellerHub.png
FNF:0
FNH:0
LF:0
LH:0
BRF:0
BRH:0
end_of_record
TN:
SF:src\components\Breadcrumbs\Breadcrumbs.tsx
FN:4,(anonymous_0)
FN:8,(anonymous_1)
FN:15,(anonymous_2)
FNF:3
FNH:3
FNDA:80,(anonymous_0)
FNDA:19,(anonymous_1)
FNDA:19,(anonymous_2)
DA:4,6
DA:5,80
DA:6,80
DA:8,80
DA:9,19
DA:12,80
DA:16,19
DA:18,19
DA:20,19
LF:9
LH:9
BRDA:23,0,0,11
BRDA:23,0,1,8
BRF:2
BRH:2
end_of_record
TN:
SF:src\components\Buttons\Button.tsx
FN:8,Button
FNF:1
FNH:1
FNDA:415,Button
DA:9,415
LF:1
LH:1
BRF:0
BRH:0
end_of_record
TN:
SF:src\components\ErrorHandle\Error.tsx
FN:8,ErrorHandling
FN:15,(anonymous_1)
FNF:2
FNH:0
FNDA:0,ErrorHandling
FNDA:0,(anonymous_1)
DA:9,0
DA:15,0
LF:2
LH:0
BRF:0
BRH:0
end_of_record
TN:
SF:src\components\Footer\Footer.tsx
FN:3,Footer
FNF:1
FNH:1
FNDA:56,Footer
DA:4,56
LF:1
LH:1
BRF:0
BRH:0
end_of_record
TN:
SF:src\components\Loader\Loader.tsx
FN:2,Loader
FNF:1
FNH:1
FNDA:49,Loader
DA:3,49
LF:1
LH:1
BRF:0
BRH:0
end_of_record
TN:
SF:src\components\MobileMenu\MobileMenu.tsx
FN:8,MobileMenu
FNF:1
FNH:1
FNDA:41,MobileMenu
DA:9,41
LF:1
LH:1
BRF:0
BRH:0
end_of_record
TN:
SF:src\components\Navbar\Navbar.tsx
FN:7,Navbar
FN:12,(anonymous_1)
FN:17,(anonymous_2)
FN:23,searchProduct
FN:43,(anonymous_4)
FN:51,(anonymous_5)
FN:56,(anonymous_6)
FN:74,(anonymous_7)
FN:75,(anonymous_8)
FNF:9
FNH:9
FNDA:74,Navbar
FNDA:48,(anonymous_1)
FNDA:1,(anonymous_2)
FNDA:2,searchProduct
FNDA:1,(anonymous_4)
FNDA:1,(anonymous_5)
FNDA:1,(anonymous_6)
FNDA:1,(anonymous_7)
FNDA:1,(anonymous_8)
DA:8,74
DA:9,74
DA:10,74
DA:12,74
DA:13,48
DA:14,48
DA:17,74
DA:18,1
DA:19,1
DA:20,1
DA:24,2
DA:31,74
DA:44,1
DA:45,1
DA:51,1
DA:56,1
DA:74,1
DA:75,1
LF:18
LH:18
BRDA:13,0,0,48
BRDA:13,0,1,46
BRDA:59,1,0,2
BRDA:59,1,1,72
BRF:4
BRH:4
end_of_record
TN:
SF:src\components\validations\validations.tsx
FN:15,(anonymous_0)
FNF:1
FNH:1
FNDA:5,(anonymous_0)
DA:15,1
DA:16,5
DA:18,5
DA:19,1
DA:22,5
DA:24,5
DA:25,1
DA:26,4
DA:27,1
DA:30,5
DA:31,1
DA:34,5
DA:35,5
DA:36,1
DA:37,4
DA:38,1
DA:39,3
DA:40,1
DA:44,5
LF:19
LH:19
BRDA:18,0,0,1
BRDA:18,0,1,4
BRDA:24,1,0,1
BRDA:24,1,1,4
BRDA:26,2,0,1
BRDA:26,2,1,3
BRDA:30,3,0,1
BRDA:30,3,1,4
BRDA:35,4,0,1
BRDA:35,4,1,4
BRDA:37,5,0,1
BRDA:37,5,1,3
BRDA:39,6,0,1
BRDA:39,6,1,2
BRF:14
BRH:14
end_of_record
TN:
SF:src\hoc\withErrorHandling.tsx
FN:5,(anonymous_0)
FN:6,WithErrorHandlingComponent
FNF:2
FNH:2
FNDA:12,(anonymous_0)
FNDA:183,WithErrorHandlingComponent
DA:5,11
DA:6,12
DA:7,183
DA:8,183
DA:10,183
DA:11,0
DA:12,0
DA:14,183
DA:15,0
DA:16,0
DA:18,183
DA:21,183
DA:22,0
DA:24,183
LF:14
LH:9
BRDA:10,0,0,0
BRDA:10,0,1,183
BRDA:14,1,0,0
BRDA:14,1,1,183
BRDA:21,2,0,0
BRDA:21,2,1,183
BRF:6
BRH:3
end_of_record
TN:
SF:src\hoc\withLoader.tsx
FN:4,withLoader
FN:5,WithLoadingComponent
FNF:2
FNH:2
FNDA:12,withLoader
FNDA:229,WithLoadingComponent
DA:5,12
DA:6,229
DA:7,229
DA:8,49
DA:10,180
LF:5
LH:5
BRDA:7,0,0,49
BRDA:7,0,1,180
BRF:2
BRH:2
end_of_record
TN:
SF:src\pages\Addresses\Address.tsx
FN:30,(anonymous_0)
FN:39,(anonymous_1)
FN:46,(anonymous_2)
FN:153,(anonymous_3)
FN:164,AddressContainer
FN:174,(anonymous_5)
FN:186,(anonymous_6)
FN:187,(anonymous_7)
FN:205,(anonymous_8)
FN:229,(anonymous_9)
FNF:10
FNH:9
FNDA:25,(anonymous_0)
FNDA:14,(anonymous_1)
FNDA:14,(anonymous_2)
FNDA:0,(anonymous_3)
FNDA:27,AddressContainer
FNDA:32,(anonymous_5)
FNDA:5,(anonymous_6)
FNDA:3,(anonymous_7)
FNDA:2,(anonymous_8)
FNDA:1,(anonymous_9)
DA:30,2
DA:39,25
DA:44,14
DA:46,14
DA:52,25
DA:153,0
DA:162,2
DA:165,27
DA:166,27
DA:167,27
DA:169,27
DA:170,27
DA:171,27
DA:172,27
DA:174,32
DA:175,27
DA:186,27
DA:187,5
DA:188,3
DA:191,5
DA:192,3
DA:205,27
DA:206,2
DA:207,2
DA:208,2
DA:211,2
DA:212,0
DA:213,0
DA:214,0
DA:216,2
DA:217,2
DA:219,2
DA:220,2
DA:222,0
DA:223,0
DA:225,2
DA:229,27
DA:230,1
DA:242,27
LF:39
LH:33
BRDA:149,0,0,25
BRDA:149,0,1,2
BRDA:191,1,0,3
BRDA:191,1,1,2
BRDA:193,2,0,3
BRDA:193,2,1,0
BRDA:194,3,0,3
BRDA:194,3,1,0
BRDA:195,4,0,3
BRDA:195,4,1,3
BRDA:196,5,0,3
BRDA:196,5,1,0
BRDA:197,6,0,3
BRDA:197,6,1,3
BRDA:198,7,0,3
BRDA:198,7,1,3
BRDA:199,8,0,3
BRDA:199,8,1,3
BRDA:200,9,0,3
BRDA:200,9,1,3
BRDA:211,10,0,0
BRDA:211,10,1,2
BRF:22
BRH:18
end_of_record
TN:
SF:src\pages\Admin\Admin.tsx
FN:42,AdminPage
FN:78,(anonymous_1)
FN:87,(anonymous_2)
FN:93,(anonymous_3)
FN:107,(anonymous_4)
FN:111,(anonymous_5)
FN:149,(anonymous_6)
FN:172,(anonymous_7)
FN:188,(anonymous_8)
FN:189,(anonymous_9)
FN:192,(anonymous_10)
FN:195,(anonymous_11)
FN:196,(anonymous_12)
FN:197,(anonymous_13)
FN:198,(anonymous_14)
FN:199,(anonymous_15)
FN:202,(anonymous_16)
FN:204,(anonymous_17)
FN:210,(anonymous_18)
FN:211,(anonymous_19)
FN:214,(anonymous_20)
FN:225,(anonymous_21)
FN:230,(anonymous_22)
FN:235,(anonymous_23)
FN:238,(anonymous_24)
FN:241,(anonymous_25)
FN:244,(anonymous_26)
FN:250,(anonymous_27)
FN:251,(anonymous_28)
FN:254,(anonymous_29)
FN:259,(anonymous_30)
FN:262,(anonymous_31)
FN:265,(anonymous_32)
FN:270,(anonymous_33)
FN:275,(anonymous_34)
FN:280,(anonymous_35)
FN:283,(anonymous_36)
FN:303,AdminContainer
FN:316,(anonymous_38)
FN:321,(anonymous_39)
FN:323,(anonymous_40)
FN:324,(anonymous_41)
FN:336,(anonymous_42)
FN:349,(anonymous_43)
FN:362,(anonymous_44)
FN:375,(anonymous_45)
FN:376,(anonymous_46)
FN:377,(anonymous_47)
FN:379,(anonymous_48)
FN:393,(anonymous_49)
FN:408,(anonymous_50)
FN:424,(anonymous_51)
FN:438,(anonymous_52)
FN:454,(anonymous_53)
FNF:54
FNH:44
FNDA:23,AdminPage
FNDA:2,(anonymous_1)
FNDA:0,(anonymous_2)
FNDA:0,(anonymous_3)
FNDA:0,(anonymous_4)
FNDA:0,(anonymous_5)
FNDA:0,(anonymous_6)
FNDA:0,(anonymous_7)
FNDA:8,(anonymous_8)
FNDA:3,(anonymous_9)
FNDA:3,(anonymous_10)
FNDA:3,(anonymous_11)
FNDA:3,(anonymous_12)
FNDA:3,(anonymous_13)
FNDA:3,(anonymous_14)
FNDA:3,(anonymous_15)
FNDA:3,(anonymous_16)
FNDA:1,(anonymous_17)
FNDA:8,(anonymous_18)
FNDA:3,(anonymous_19)
FNDA:3,(anonymous_20)
FNDA:3,(anonymous_21)
FNDA:3,(anonymous_22)
FNDA:3,(anonymous_23)
FNDA:3,(anonymous_24)
FNDA:3,(anonymous_25)
FNDA:1,(anonymous_26)
FNDA:8,(anonymous_27)
FNDA:3,(anonymous_28)
FNDA:3,(anonymous_29)
FNDA:3,(anonymous_30)
FNDA:3,(anonymous_31)
FNDA:3,(anonymous_32)
FNDA:3,(anonymous_33)
FNDA:3,(anonymous_34)
FNDA:3,(anonymous_35)
FNDA:1,(anonymous_36)
FNDA:36,AdminContainer
FNDA:1,(anonymous_38)
FNDA:0,(anonymous_39)
FNDA:0,(anonymous_40)
FNDA:0,(anonymous_41)
FNDA:1,(anonymous_42)
FNDA:1,(anonymous_43)
FNDA:1,(anonymous_44)
FNDA:8,(anonymous_45)
FNDA:8,(anonymous_46)
FNDA:8,(anonymous_47)
FNDA:3,(anonymous_48)
FNDA:0,(anonymous_49)
FNDA:3,(anonymous_50)
FNDA:1,(anonymous_51)
FNDA:3,(anonymous_52)
FNDA:12,(anonymous_53)
DA:16,1
DA:57,23
DA:59,23
DA:78,2
DA:87,0
DA:93,0
DA:107,0
DA:111,0
DA:149,0
DA:173,0
DA:174,0
DA:186,1
DA:188,8
DA:189,3
DA:192,3
DA:195,3
DA:196,3
DA:197,3
DA:198,3
DA:199,3
DA:203,3
DA:204,1
DA:210,8
DA:211,3
DA:215,3
DA:225,3
DA:230,3
DA:236,3
DA:238,3
DA:242,3
DA:244,1
DA:250,8
DA:251,3
DA:254,3
DA:259,3
DA:262,3
DA:265,3
DA:270,3
DA:275,3
DA:281,3
DA:284,1
DA:304,36
DA:305,36
DA:306,36
DA:307,36
DA:308,36
DA:309,36
DA:310,36
DA:311,36
DA:312,36
DA:313,36
DA:314,36
DA:316,36
DA:317,1
DA:318,1
DA:321,36
DA:323,0
DA:324,0
DA:326,0
DA:331,0
DA:336,36
DA:337,1
DA:338,1
DA:339,1
DA:340,1
DA:341,1
DA:343,0
DA:345,1
DA:349,36
DA:350,1
DA:351,1
DA:352,1
DA:353,1
DA:354,1
DA:356,0
DA:358,1
DA:362,36
DA:363,1
DA:364,1
DA:365,1
DA:366,1
DA:367,1
DA:369,0
DA:371,1
DA:375,36
DA:376,36
DA:377,36
DA:379,36
DA:380,3
DA:381,3
DA:382,3
DA:384,3
DA:385,3
DA:386,3
DA:387,3
DA:388,3
DA:389,3
DA:390,3
DA:393,0
DA:394,0
DA:396,3
DA:397,3
DA:398,3
DA:399,3
DA:400,3
DA:402,0
DA:404,3
DA:408,36
DA:409,3
DA:410,3
DA:411,3
DA:412,3
DA:413,3
DA:414,3
DA:415,3
DA:416,3
DA:418,0
DA:420,3
DA:424,36
DA:425,1
DA:426,1
DA:427,1
DA:428,1
DA:429,1
DA:430,1
DA:432,0
DA:434,1
DA:438,36
DA:439,3
DA:440,3
DA:441,3
DA:442,3
DA:443,3
DA:444,3
DA:445,3
DA:446,3
DA:448,0
DA:450,3
DA:454,36
DA:455,12
DA:456,1
DA:457,11
DA:458,0
DA:459,11
DA:460,0
DA:461,11
DA:462,1
DA:463,10
DA:464,1
DA:465,9
DA:470,1
DA:474,36
LF:152
LH:130
BRDA:102,0,0,23
BRDA:102,0,1,2
BRDA:143,1,0,23
BRDA:143,1,1,21
BRDA:166,2,0,23
BRDA:166,2,1,3
BRDA:236,3,0,0
BRDA:236,3,1,3
BRDA:326,4,0,0
BRDA:326,4,1,0
BRDA:326,4,2,0
BRDA:384,5,0,3
BRDA:384,5,1,0
BRDA:455,6,0,1
BRDA:455,6,1,11
BRDA:457,7,0,0
BRDA:457,7,1,11
BRDA:459,8,0,0
BRDA:459,8,1,11
BRDA:461,9,0,1
BRDA:461,9,1,10
BRDA:463,10,0,1
BRDA:463,10,1,9
BRDA:465,11,0,1
BRDA:465,11,1,8
BRDA:466,12,0,9
BRDA:466,12,1,8
BRDA:466,12,2,8
BRF:28
BRH:21
end_of_record
TN:
SF:src\pages\AdminAddUser\AdminAddUser.tsx
FN:28,AddNewUser
FN:36,(anonymous_1)
FN:43,(anonymous_2)
FN:194,AdminCreateUser
FN:213,(anonymous_4)
FN:236,(anonymous_5)
FNF:6
FNH:5
FNDA:21,AddNewUser
FNDA:14,(anonymous_1)
FNDA:14,(anonymous_2)
FNDA:23,AdminCreateUser
FNDA:3,(anonymous_4)
FNDA:0,(anonymous_5)
DA:36,21
DA:41,14
DA:43,14
DA:49,21
DA:192,1
DA:195,23
DA:197,23
DA:207,23
DA:208,23
DA:209,23
DA:211,23
DA:212,23
DA:213,23
DA:214,3
DA:215,3
DA:216,3
DA:217,3
DA:219,3
DA:220,1
DA:221,1
DA:223,2
DA:224,1
DA:225,1
DA:227,1
DA:230,1
DA:232,3
DA:236,23
DA:237,0
DA:238,0
DA:240,23
LF:30
LH:28
BRDA:180,0,0,21
BRDA:180,0,1,2
BRDA:219,1,0,1
BRDA:219,1,1,2
BRDA:228,2,0,1
BRDA:228,2,1,0
BRF:6
BRH:5
end_of_record
TN:
SF:src\pages\Cart\Cart.tsx
FN:26,(anonymous_0)
FN:36,(anonymous_1)
FN:38,(anonymous_2)
FN:58,(anonymous_3)
FN:79,(anonymous_4)
FN:95,(anonymous_5)
FN:137,(anonymous_6)
FN:152,(anonymous_7)
FN:154,(anonymous_8)
FN:169,(anonymous_9)
FN:173,(anonymous_10)
FN:190,(anonymous_11)
FN:202,(anonymous_12)
FNF:13
FNH:10
FNDA:11,(anonymous_0)
FNDA:9,(anonymous_1)
FNDA:9,(anonymous_2)
FNDA:9,(anonymous_3)
FNDA:2,(anonymous_4)
FNDA:0,(anonymous_5)
FNDA:16,(anonymous_6)
FNDA:24,(anonymous_7)
FNDA:4,(anonymous_8)
FNDA:4,(anonymous_9)
FNDA:1,(anonymous_10)
FNDA:0,(anonymous_11)
FNDA:0,(anonymous_12)
DA:26,1
DA:36,11
DA:37,9
DA:40,9
DA:42,9
DA:49,11
DA:59,9
DA:80,2
DA:81,2
DA:95,0
DA:135,1
DA:137,1
DA:138,16
DA:140,16
DA:141,16
DA:142,16
DA:143,16
DA:149,16
DA:151,16
DA:152,24
DA:154,16
DA:155,4
DA:156,4
DA:157,4
DA:158,4
DA:159,4
DA:160,4
DA:161,4
DA:163,0
DA:165,4
DA:169,16
DA:170,4
DA:173,16
DA:174,1
DA:175,1
DA:176,1
DA:177,0
DA:179,1
DA:180,1
DA:181,1
DA:182,1
DA:184,0
DA:186,1
DA:190,16
DA:192,0
DA:202,16
DA:203,0
DA:204,0
DA:207,16
LF:49
LH:42
BRDA:38,0,0,9
BRDA:38,0,1,0
BRDA:54,1,0,11
BRDA:54,1,1,9
BRDA:74,2,0,9
BRDA:74,2,1,0
BRDA:101,3,0,11
BRDA:101,3,1,2
BRDA:107,4,0,11
BRDA:107,4,1,3
BRDA:110,5,0,3
BRDA:110,5,1,2
BRDA:120,6,0,3
BRDA:120,6,1,1
BRDA:176,7,0,0
BRDA:176,7,1,1
BRF:16
BRH:13
end_of_record
TN:
SF:src\pages\Home\Home.tsx
FN:21,Home
FN:28,(anonymous_1)
FN:33,(anonymous_2)
FN:52,(anonymous_3)
FN:65,HomeContainer
FN:73,(anonymous_5)
FN:75,(anonymous_6)
FN:87,(anonymous_7)
FN:91,(anonymous_8)
FN:98,(anonymous_9)
FNF:10
FNH:9
FNDA:11,Home
FNDA:4,(anonymous_1)
FNDA:0,(anonymous_2)
FNDA:1,(anonymous_3)
FNDA:11,HomeContainer
FNDA:21,(anonymous_5)
FNDA:5,(anonymous_6)
FNDA:5,(anonymous_7)
FNDA:5,(anonymous_8)
FNDA:3,(anonymous_9)
DA:22,11
DA:29,4
DA:33,0
DA:52,1
DA:63,1
DA:66,11
DA:67,11
DA:68,11
DA:69,11
DA:70,11
DA:72,11
DA:73,21
DA:75,11
DA:76,5
DA:77,5
DA:78,5
DA:79,5
DA:81,0
DA:83,5
DA:87,11
DA:88,5
DA:91,11
DA:92,5
DA:94,5
DA:95,2
DA:98,3
DA:99,3
DA:104,11
DA:106,11
LF:29
LH:27
BRDA:27,0,0,11
BRDA:27,0,1,11
BRDA:42,1,0,4
BRDA:42,1,1,0
BRDA:49,2,0,11
BRDA:49,2,1,7
BRDA:49,2,2,4
BRDA:92,3,0,5
BRDA:92,3,1,0
BRDA:94,4,0,2
BRDA:94,4,1,3
BRDA:104,5,0,4
BRDA:104,5,1,7
BRDA:104,6,0,11
BRDA:104,6,1,6
BRF:15
BRH:13
end_of_record
TN:
SF:src\pages\Login\Login.tsx
FN:27,Login
FN:37,(anonymous_1)
FN:44,(anonymous_2)
FN:60,(anonymous_3)
FN:111,LoginContainer
FN:121,(anonymous_5)
FNF:6
FNH:5
FNDA:22,Login
FNDA:10,(anonymous_1)
FNDA:10,(anonymous_2)
FNDA:0,(anonymous_3)
FNDA:26,LoginContainer
FNDA:5,(anonymous_5)
DA:37,22
DA:42,10
DA:44,10
DA:50,22
DA:52,22
DA:60,0
DA:109,1
DA:112,26
DA:114,26
DA:115,26
DA:116,26
DA:117,26
DA:118,26
DA:119,26
DA:121,26
DA:122,5
DA:123,5
DA:124,5
DA:125,5
DA:126,5
DA:127,5
DA:128,5
DA:129,1
DA:133,1
DA:135,4
DA:136,0
DA:137,0
DA:139,4
DA:140,0
DA:141,0
DA:144,4
DA:145,4
DA:146,4
DA:147,4
DA:151,4
DA:152,4
DA:153,4
DA:154,2
DA:155,2
DA:157,2
DA:158,1
DA:159,1
DA:162,1
DA:163,1
DA:164,1
DA:167,0
DA:170,0
DA:172,5
DA:176,26
LF:49
LH:42
BRDA:53,0,0,22
BRDA:53,0,1,22
BRDA:53,0,2,22
BRDA:53,0,3,18
BRDA:78,1,0,18
BRDA:78,1,1,1
BRDA:91,2,0,18
BRDA:91,2,1,1
BRDA:97,3,0,18
BRDA:97,3,1,0
BRDA:128,4,0,1
BRDA:128,4,1,4
BRDA:128,5,0,5
BRDA:128,5,1,1
BRDA:135,6,0,0
BRDA:135,6,1,4
BRDA:139,7,0,0
BRDA:139,7,1,4
BRDA:145,8,0,4
BRDA:145,8,1,0
BRDA:153,9,0,2
BRDA:153,9,1,2
BRDA:157,10,0,1
BRDA:157,10,1,1
BRDA:162,11,0,1
BRDA:162,11,1,0
BRF:26
BRH:21
end_of_record
TN:
SF:src\pages\Orders\Orders.tsx
FN:34,Orders
FN:59,(anonymous_1)
FN:93,(anonymous_2)
FN:94,(anonymous_3)
FN:112,(anonymous_4)
FN:116,(anonymous_5)
FN:117,(anonymous_6)
FN:140,(anonymous_7)
FN:175,OrdersContainer
FN:193,(anonymous_9)
FN:194,(anonymous_10)
FN:209,(anonymous_11)
FN:215,(anonymous_12)
FN:217,(anonymous_13)
FN:234,(anonymous_14)
FN:238,(anonymous_15)
FNF:16
FNH:8
FNDA:4,Orders
FNDA:2,(anonymous_1)
FNDA:0,(anonymous_2)
FNDA:0,(anonymous_3)
FNDA:0,(anonymous_4)
FNDA:0,(anonymous_5)
FNDA:0,(anonymous_6)
FNDA:0,(anonymous_7)
FNDA:7,OrdersContainer
FNDA:7,(anonymous_9)
FNDA:1,(anonymous_10)
FNDA:2,(anonymous_11)
FNDA:7,(anonymous_12)
FNDA:1,(anonymous_13)
FNDA:0,(anonymous_14)
FNDA:0,(anonymous_15)
DA:49,4
DA:50,4
DA:60,2
DA:94,0
DA:113,0
DA:117,0
DA:140,0
DA:173,1
DA:176,7
DA:177,7
DA:178,7
DA:179,7
DA:181,7
DA:182,7
DA:183,7
DA:184,7
DA:186,7
DA:190,7
DA:192,7
DA:193,7
DA:194,7
DA:195,1
DA:196,1
DA:197,1
DA:198,1
DA:199,1
DA:200,1
DA:201,1
DA:203,0
DA:205,1
DA:209,7
DA:210,2
DA:211,1
DA:215,7
DA:217,7
DA:218,1
DA:219,1
DA:220,1
DA:221,1
DA:223,1
DA:224,1
DA:225,1
DA:226,1
DA:228,0
DA:230,1
DA:234,7
DA:235,0
DA:238,7
DA:239,0
DA:240,0
DA:243,7
LF:51
LH:42
BRDA:57,0,0,4
BRDA:57,0,1,2
BRDA:77,1,0,0
BRDA:77,1,1,2
BRDA:86,2,0,4
BRDA:86,2,1,2
BRDA:111,3,0,0
BRDA:111,3,1,2
BRDA:115,4,0,0
BRDA:115,4,1,0
BRDA:152,5,0,4
BRDA:152,5,1,1
BRDA:158,6,0,4
BRDA:158,6,1,1
BRDA:178,7,0,7
BRDA:178,7,1,5
BRDA:179,8,0,7
BRDA:179,8,1,5
BRDA:210,9,0,1
BRDA:210,9,1,1
BRDA:220,10,0,1
BRDA:220,10,1,0
BRF:22
BRH:17
end_of_record
TN:
SF:src\pages\PageNotFound\PageNotFound.tsx
FN:5,PageNotFound
FN:12,(anonymous_1)
FNF:2
FNH:2
FNDA:2,PageNotFound
FNDA:1,(anonymous_1)
DA:6,2
DA:7,2
DA:12,1
LF:3
LH:3
BRF:0
BRH:0
end_of_record
TN:
SF:src\pages\Product\Product.tsx
FN:28,OneProductDetails
FN:46,(anonymous_1)
FN:51,(anonymous_2)
FN:76,(anonymous_3)
FN:86,(anonymous_4)
FN:93,(anonymous_5)
FN:103,(anonymous_6)
FN:119,(anonymous_7)
FN:132,(anonymous_8)
FN:138,(anonymous_9)
FN:145,(anonymous_10)
FN:170,(anonymous_11)
FN:183,(anonymous_12)
FN:187,(anonymous_13)
FN:200,(anonymous_14)
FN:204,(anonymous_15)
FN:231,(anonymous_16)
FNF:17
FNH:15
FNDA:16,OneProductDetails
FNDA:32,(anonymous_1)
FNDA:12,(anonymous_2)
FNDA:2,(anonymous_3)
FNDA:32,(anonymous_4)
FNDA:2,(anonymous_5)
FNDA:12,(anonymous_6)
FNDA:2,(anonymous_7)
FNDA:1,(anonymous_8)
FNDA:1,(anonymous_9)
FNDA:0,(anonymous_10)
FNDA:17,(anonymous_11)
FNDA:25,(anonymous_12)
FNDA:4,(anonymous_13)
FNDA:4,(anonymous_14)
FNDA:1,(anonymous_15)
FNDA:0,(anonymous_16)
DA:38,16
DA:40,16
DA:46,16
DA:47,32
DA:51,16
DA:52,12
DA:55,16
DA:57,16
DA:77,2
DA:87,32
DA:94,2
DA:104,12
DA:119,2
DA:132,1
DA:139,1
DA:145,0
DA:168,1
DA:170,1
DA:171,17
DA:172,17
DA:173,17
DA:174,17
DA:175,17
DA:176,17
DA:177,17
DA:178,17
DA:179,17
DA:180,17
DA:182,17
DA:183,25
DA:185,17
DA:187,17
DA:188,4
DA:189,4
DA:190,4
DA:191,4
DA:192,4
DA:194,0
DA:196,4
DA:200,17
DA:201,4
DA:204,17
DA:205,1
DA:206,1
DA:207,0
DA:208,0
DA:211,1
DA:212,1
DA:214,1
DA:219,1
DA:220,1
DA:221,1
DA:222,1
DA:223,1
DA:225,0
DA:227,1
DA:231,17
DA:232,0
DA:233,0
DA:236,17
LF:60
LH:53
BRDA:46,0,0,16
BRDA:46,0,1,0
BRDA:51,1,0,16
BRDA:51,1,1,0
BRDA:108,2,0,16
BRDA:108,2,1,4
BRDA:122,3,0,16
BRDA:122,3,1,3
BRDA:153,4,0,16
BRDA:153,4,1,1
BRDA:206,5,0,0
BRDA:206,5,1,1
BRDA:206,6,0,1
BRDA:206,6,1,1
BRF:14
BRH:11
end_of_record
TN:
SF:src\pages\Profile\MyProfile.tsx
FN:44,MyProfile
FN:60,(anonymous_1)
FN:63,(anonymous_2)
FN:98,(anonymous_3)
FN:176,(anonymous_4)
FN:189,(anonymous_5)
FN:198,(anonymous_6)
FN:210,(anonymous_7)
FN:225,(anonymous_8)
FN:241,MyProfileContainer
FN:254,(anonymous_10)
FN:256,(anonymous_11)
FN:259,(anonymous_12)
FN:271,(anonymous_13)
FN:285,editProfile
FN:305,(anonymous_15)
FN:323,(anonymous_16)
FN:331,EditUserAddress
FN:341,(anonymous_18)
FNF:19
FNH:14
FNDA:30,MyProfile
FNDA:3,(anonymous_1)
FNDA:3,(anonymous_2)
FNDA:3,(anonymous_3)
FNDA:1,(anonymous_4)
FNDA:0,(anonymous_5)
FNDA:0,(anonymous_6)
FNDA:1,(anonymous_7)
FNDA:0,(anonymous_8)
FNDA:43,MyProfileContainer
FNDA:65,(anonymous_10)
FNDA:65,(anonymous_11)
FNDA:10,(anonymous_12)
FNDA:5,(anonymous_13)
FNDA:1,editProfile
FNDA:7,(anonymous_15)
FNDA:10,(anonymous_16)
FNDA:0,EditUserAddress
FNDA:0,(anonymous_18)
DA:60,30
DA:61,3
DA:63,3
DA:69,30
DA:98,3
DA:177,1
DA:190,0
DA:198,0
DA:210,1
DA:225,0
DA:239,1
DA:242,43
DA:243,43
DA:245,43
DA:246,43
DA:247,43
DA:248,43
DA:249,43
DA:253,43
DA:254,65
DA:256,65
DA:257,43
DA:259,43
DA:260,10
DA:261,9
DA:271,43
DA:272,5
DA:273,5
DA:274,5
DA:275,5
DA:276,5
DA:277,5
DA:279,0
DA:281,5
DA:286,1
DA:287,1
DA:288,1
DA:289,0
DA:290,0
DA:291,0
DA:293,1
DA:294,1
DA:295,1
DA:296,1
DA:298,0
DA:299,0
DA:301,1
DA:305,43
DA:306,7
DA:307,7
DA:308,7
DA:309,7
DA:310,7
DA:311,7
DA:313,7
DA:314,0
DA:317,0
DA:319,7
DA:323,43
DA:324,10
DA:325,4
DA:327,6
DA:332,0
DA:333,0
DA:338,0
DA:341,43
DA:342,0
DA:343,0
DA:346,43
LF:69
LH:53
BRDA:86,0,0,30
BRDA:86,0,1,15
BRDA:86,0,2,15
BRDA:104,1,0,30
BRDA:104,1,1,7
BRDA:172,2,0,30
BRDA:172,2,1,7
BRDA:172,2,2,1
BRDA:203,3,0,30
BRDA:203,3,1,7
BRDA:203,3,2,6
BRDA:215,4,0,30
BRDA:215,4,1,29
BRDA:215,4,2,1
BRDA:219,5,0,30
BRDA:219,5,1,1
BRDA:260,6,0,9
BRDA:260,6,1,1
BRDA:288,7,0,0
BRDA:288,7,1,1
BRDA:313,8,0,0
BRDA:313,8,1,7
BRDA:324,9,0,4
BRDA:324,9,1,6
BRF:24
BRH:22
end_of_record
TN:
SF:src\pages\SellNewProduct\SellNewProduct.tsx
FN:19,(anonymous_0)
FN:27,(anonymous_1)
FN:32,(anonymous_2)
FN:38,(anonymous_3)
FN:41,(anonymous_4)
FN:50,(anonymous_5)
FN:56,(anonymous_6)
FN:58,(anonymous_7)
FN:156,(anonymous_8)
FN:168,(anonymous_9)
FN:179,(anonymous_10)
FN:190,(anonymous_11)
FN:202,(anonymous_12)
FN:211,(anonymous_13)
FN:213,(anonymous_14)
FN:230,(anonymous_15)
FN:231,(anonymous_16)
FN:244,(anonymous_17)
FN:254,(anonymous_18)
FN:258,(anonymous_19)
FN:273,SellProductContainer
FN:298,newProductData
FNF:22
FNH:20
FNDA:19,(anonymous_0)
FNDA:3,(anonymous_1)
FNDA:3,(anonymous_2)
FNDA:3,(anonymous_3)
FNDA:3,(anonymous_4)
FNDA:4,(anonymous_5)
FNDA:4,(anonymous_6)
FNDA:4,(anonymous_7)
FNDA:20,(anonymous_8)
FNDA:1,(anonymous_9)
FNDA:1,(anonymous_10)
FNDA:1,(anonymous_11)
FNDA:1,(anonymous_12)
FNDA:1,(anonymous_13)
FNDA:1,(anonymous_14)
FNDA:0,(anonymous_15)
FNDA:2,(anonymous_16)
FNDA:0,(anonymous_17)
FNDA:1,(anonymous_18)
FNDA:1,(anonymous_19)
FNDA:20,SellProductContainer
FNDA:1,newProductData
DA:19,1
DA:27,19
DA:30,3
DA:32,3
DA:38,19
DA:39,3
DA:41,3
DA:50,19
DA:54,4
DA:56,4
DA:59,4
DA:70,19
DA:72,19
DA:157,20
DA:168,1
DA:179,1
DA:190,1
DA:202,1
DA:212,1
DA:213,1
DA:230,0
DA:231,2
DA:244,0
DA:254,1
DA:258,1
DA:271,1
DA:274,20
DA:275,20
DA:276,20
DA:277,20
DA:278,20
DA:296,20
DA:299,1
DA:300,1
DA:301,1
DA:302,1
DA:303,1
DA:304,1
DA:306,0
DA:308,1
DA:312,20
LF:41
LH:38
BRDA:59,0,0,4
BRDA:59,0,1,0
BRDA:63,1,0,2
BRDA:63,1,1,2
BRDA:63,2,0,4
BRDA:63,2,1,3
BRDA:236,3,0,19
BRDA:236,3,1,3
BRDA:239,4,0,3
BRDA:239,4,1,1
BRDA:248,5,0,3
BRDA:248,5,1,2
BRF:12
BRH:11
end_of_record
TN:
SF:src\pages\Seller\Seller.tsx
FN:17,Seller
FN:54,SellerContainer
FN:56,(anonymous_2)
FN:59,(anonymous_3)
FN:64,(anonymous_4)
FN:72,(anonymous_5)
FN:80,(anonymous_6)
FNF:7
FNH:6
FNDA:3,Seller
FNDA:3,SellerContainer
FNDA:3,(anonymous_2)
FNDA:3,(anonymous_3)
FNDA:1,(anonymous_4)
FNDA:2,(anonymous_5)
FNDA:0,(anonymous_6)
DA:23,3
DA:52,1
DA:55,3
DA:56,3
DA:57,3
DA:59,3
DA:60,3
DA:61,3
DA:64,3
DA:65,1
DA:66,1
DA:67,1
DA:69,0
DA:72,3
DA:73,2
DA:74,1
DA:76,1
DA:80,3
DA:81,0
DA:82,0
DA:83,0
DA:86,3
LF:22
LH:18
BRDA:37,0,0,1
BRDA:37,0,1,2
BRDA:57,1,0,3
BRDA:57,1,1,2
BRDA:60,2,0,3
BRDA:60,2,1,2
BRDA:61,3,0,3
BRDA:61,3,1,1
BRDA:66,4,0,1
BRDA:66,4,1,0
BRDA:66,5,0,1
BRDA:66,5,1,0
BRDA:73,6,0,1
BRDA:73,6,1,1
BRDA:73,7,0,2
BRDA:73,7,1,1
BRF:16
BRH:14
end_of_record
TN:
SF:src\pages\SignUp\Signup.tsx
FN:26,Signup
FN:34,(anonymous_1)
FN:41,(anonymous_2)
FN:53,(anonymous_3)
FN:132,SignupContainer
FN:146,(anonymous_5)
FN:167,popupFunction
FNF:7
FNH:5
FNDA:10,Signup
FNDA:5,(anonymous_1)
FNDA:5,(anonymous_2)
FNDA:0,(anonymous_3)
FNDA:11,SignupContainer
FNDA:2,(anonymous_5)
FNDA:0,popupFunction
DA:34,10
DA:39,5
DA:41,5
DA:47,10
DA:49,10
DA:53,0
DA:130,1
DA:133,11
DA:135,11
DA:141,11
DA:142,11
DA:143,11
DA:144,11
DA:146,11
DA:147,2
DA:148,2
DA:149,2
DA:150,2
DA:152,2
DA:153,1
DA:154,1
DA:156,1
DA:157,1
DA:158,1
DA:160,0
DA:161,0
DA:163,2
DA:168,0
DA:169,0
DA:172,11
LF:30
LH:25
BRDA:117,0,0,10
BRDA:117,0,1,1
BRDA:152,1,0,1
BRDA:152,1,1,1
BRF:4
BRH:4
end_of_record
TN:
SF:src\redux\slices\addressSlice.ts
FN:10,(anonymous_0)
FN:14,(anonymous_1)
FN:18,(anonymous_2)
FNF:3
FNH:0
FNDA:0,(anonymous_0)
FNDA:0,(anonymous_1)
FNDA:0,(anonymous_2)
DA:3,1
DA:11,0
DA:15,0
DA:19,0
DA:24,1
LF:5
LH:2
BRF:0
BRH:0
end_of_record
TN:
SF:src\redux\slices\cartSlice.ts
FN:10,(anonymous_0)
FNF:1
FNH:1
FNDA:1,(anonymous_0)
DA:3,2
DA:11,1
DA:16,2
LF:3
LH:3
BRF:0
BRH:0
end_of_record
TN:
SF:src\redux\slices\orderSlice.ts
FN:10,(anonymous_0)
FN:14,(anonymous_1)
FNF:2
FNH:0
FNDA:0,(anonymous_0)
FNDA:0,(anonymous_1)
DA:3,1
DA:11,0
DA:15,0
DA:20,1
LF:4
LH:2
BRF:0
BRH:0
end_of_record
TN:
SF:src\redux\slices\productSlice.ts
FN:10,(anonymous_0)
FN:14,(anonymous_1)
FNF:2
FNH:0
FNDA:0,(anonymous_0)
FNDA:0,(anonymous_1)
DA:3,2
DA:11,0
DA:15,0
DA:20,2
LF:4
LH:2
BRF:0
BRH:0
end_of_record
TN:
SF:src\redux\slices\userSlice.ts
FN:10,(anonymous_0)
FN:14,(anonymous_1)
FNF:2
FNH:0
FNDA:0,(anonymous_0)
FNDA:0,(anonymous_1)
DA:3,1
DA:11,0
DA:15,0
DA:20,1
LF:4
LH:2
BRF:0
BRH:0
end_of_record
